  make: Entering directory 'C:/meka/CommanderX16Repo'
  Saving OPTIONS=debugfile,labelfile
  cl65 -t cx16 -c --create-dep obj/cx16/agifiles.d  -o obj/cx16/agifiles.o src/agifiles.c
  src/agifiles.c:404: Warning: Parameter 'fileName' is never used
  cl65 -t cx16 -c --create-dep obj/cx16/commands.d  -o obj/cx16/commands.o src/commands.c
  src/commands.c:115: Warning: Parameter 'inputString' is never used
  src/commands.c:115: Warning: Parameter 'i' is never used
  src/commands.c:115: Warning: Parameter 'inputStringBank' is never used
  src/commands.c:298: Warning: Parameter 'fmt' is never used
  src/commands.c:698: Warning: Incompatible pointer conversion to 'void (*)(int)' from 'void (* const)(unsigned char)'
  src/commands.c:703: Warning: Incompatible pointer conversion to 'void (*)(int)' from 'void (* const)(unsigned char)'
  src/commands.c:728: Warning: Pointer conversion to 'unsigned char *' from 'char *' changes pointee signedness
  src/commands.c:736: Warning: Parameter 'data' is never used
  src/commands.c:748: Warning: Pointer conversion to 'unsigned char *' from 'char *' changes pointee signedness
  src/commands.c:757: Warning: Parameter 'data' is never used
  src/commands.c:763: Warning: Incompatible pointer conversion to 'void (*)(int)' from 'void (* const)(unsigned char)'
  src/commands.c:768: Warning: Incompatible pointer conversion to 'void (*)(int)' from 'void (* const)(unsigned char)'
  src/commands.c:773: Warning: Incompatible pointer conversion to 'void (*)(int)' from 'void (* const)(unsigned char)'
  src/commands.c:811: Warning: Parameter 'data' is never used
  src/commands.c:823: Warning: Incompatible pointer conversion to 'void (*)(struct $anon-struct-001E *, int)' from 'void (* const)(struct $anon-struct-001E *, unsigned char)'
  src/commands.c:916: Warning: Incompatible pointer conversion to 'void (*)(struct $anon-struct-001E *, int)' from 'void (* const)(struct $anon-struct-001E *, unsigned char)'
  src/commands.c:931: Warning: Incompatible pointer conversion to 'void (*)(struct $anon-struct-001E *, int)' from 'void (* const)(struct $anon-struct-001E *, unsigned char)'
  src/commands.c:945: Warning: Incompatible pointer conversion to 'void (*)(struct $anon-struct-001E *, int)' from 'void (* const)(struct $anon-struct-001E *, unsigned char)'
  src/commands.c:946: Warning: Incompatible pointer conversion to 'void (*)(struct $anon-struct-001E *, int)' from 'void (* const)(struct $anon-struct-001E *, unsigned char)'
  src/commands.c:961: Warning: Incompatible pointer conversion to 'void (*)(struct $anon-struct-001E *, int)' from 'void (* const)(struct $anon-struct-001E *, unsigned char)'
  src/commands.c:962: Warning: Incompatible pointer conversion to 'void (*)(struct $anon-struct-001E *, int)' from 'void (* const)(struct $anon-struct-001E *, unsigned char)'
  src/commands.c:1004: Warning: Incompatible pointer conversion to 'void (*)(struct $anon-struct-001E *, int)' from 'void (* const)(struct $anon-struct-001E *, unsigned char)'
  src/commands.c:1019: Warning: Incompatible pointer conversion to 'void (*)(struct $anon-struct-001E *, int)' from 'void (* const)(struct $anon-struct-001E *, unsigned char)'
  src/commands.c:1609: Warning: Parameter 'data' is never used
  src/commands.c:1654: Warning: Variable 'room' is defined but never used
  src/commands.c:1678: Warning: Parameter 'data' is never used
  src/commands.c:1726: Warning: Converting pointer to integer without a cast
  src/commands.c:1734: Warning: Converting pointer to integer without a cast
  src/commands.c:1741: Warning: Converting pointer to integer without a cast
  src/commands.c:1742: Warning: Converting pointer to integer without a cast
  src/commands.c:1769: Warning: Variable 'logicFileBank' is defined but never used
  src/commands.c:1878: Warning: Parameter 'data' is never used
  src/commands.c:1888: Warning: Parameter 'data' is never used
  src/commands.c:1932: Warning: Parameter 'data' is never used
  src/commands.c:1937: Warning: Parameter 'data' is never used
  src/commands.c:2005: Warning: Parameter 'data' is never used
  src/commands.c:2011: Warning: Parameter 'data' is never used
  src/commands.c:2083: Warning: Parameter 'data' is never used
  src/commands.c:2088: Warning: Parameter 'data' is never used
  src/commands.c:2093: Warning: Parameter 'data' is never used
  src/commands.c:2111: Warning: Parameter 'data' is never used
  src/commands.c:2133: Warning: Parameter 'data' is never used
  src/commands.c:2138: Warning: Parameter 'data' is never used
  src/commands.c:2176: Warning: Parameter 'data' is never used
  src/commands.c:2182: Warning: Parameter 'data' is never used
  src/commands.c:2189: Warning: Parameter 'data' is never used
  src/commands.c:2197: Warning: Parameter 'data' is never used
  src/commands.c:2206: Warning: Parameter 'data' is never used
  src/commands.c:2234: Warning: Parameter 'data' is never used
  src/commands.c:2246: Warning: Parameter 'data' is never used
  src/commands.c:2279: Warning: Parameter 'data' is never used
  src/commands.c:2315: Warning: Variable 'temp' is defined but never used
  src/commands.c:2315: Warning: Variable 'messagePointer' is defined but never used
  src/commands.c:2349: Warning: Incompatible pointer conversion to 'void (*)(int)' from 'void (* const)(unsigned char)'
  src/commands.c:2484: Warning: Variable 'startOffset' is defined but never used
  src/commands.c:2484: Warning: Variable 'messData' is defined but never used
  src/commands.c:2514: Warning: Variable 'i' is defined but never used
  src/commands.c:2519: Warning: Parameter 'data' is never used
  src/commands.c:2534: Warning: Parameter 'data' is never used
  src/commands.c:2547: Warning: Parameter 'data' is never used
  src/commands.c:2552: Warning: Parameter 'data' is never used
  src/commands.c:2577: Warning: Parameter 'data' is never used
  src/commands.c:2824: Warning: Incompatible pointer conversion to 'char (*)(unsigned char **)' from 'char (* const)(void)'
  src/commands.c:2996: Warning: Variable 'dummy' is defined but never used
  src/commands.c:2996: Warning: Variable 'debugString' is defined but never used
  src/commands.c:3195: Warning: Variable 'debugString' is defined but never used
  src/commands.c:3195: Warning: Variable 'i' is defined but never used
  src/commands.c:3195: Warning: Variable 'dummy' is defined but never used
  cl65 -t cx16 -c --create-dep obj/cx16/decomp.d  -o obj/cx16/decomp.o src/decomp.c
  cl65 -t cx16 -c --create-dep obj/cx16/helpers.d  -o obj/cx16/helpers.o src/helpers.c
  src/helpers.c:29: Warning: Control reaches end of non-void function [-Wreturn-type]
  src/helpers.c:111: Warning: Control reaches end of non-void function [-Wreturn-type]
  src/helpers.c:140: Warning: Pointer conversion to 'char *' from 'const char *' discards qualifiers
  src/helpers.c:140: Warning: Pointer conversion to 'const char *' from 'unsigned char *' changes pointee signedness
  src/helpers.c:145: Warning: Control reaches end of non-void function [-Wreturn-type]
  cl65 -t cx16 -c --create-dep obj/cx16/logic.d  -o obj/cx16/logic.o src/logic.c
  src/logic.c:50: Warning: Statement has no effect
  src/logic.c:163: Warning: Variable 'dummy' is defined but never used
  src/logic.c:200: Warning: Variable 'messNum' is defined but never used
  cl65 -t cx16 -c --create-dep obj/cx16/meka.d  -o obj/cx16/meka.o src/meka.c
  src/meka.c:74: Warning: Incompatible pointer conversion to 'void (*)(int)' from 'void (* const)(unsigned char)'
  src/meka.c:76: Warning: Incompatible pointer conversion to 'void (*)(int)' from 'void (* const)(unsigned char)'
  src/meka.c:295: Warning: Variable 'ret' is defined but never used
  cl65 -t cx16 -c --create-dep obj/cx16/memoryManager.d  -o obj/cx16/memoryManager.o src/memoryManager.c
  cl65 -t cx16 -c --create-dep obj/cx16/stub.d  -o obj/cx16/stub.o src/stub.c
  src/stub.c:8: Warning: Parameter 'bitmap' is never used
  src/stub.c:8: Warning: Parameter 'color' is never used
  src/stub.c:13: Warning: Parameter 's' is never used
  src/stub.c:13: Warning: Parameter 'd' is never used
  src/stub.c:13: Warning: Parameter 's_x' is never used
  src/stub.c:13: Warning: Parameter 's_y' is never used
  src/stub.c:13: Warning: Parameter 's_w' is never used
  src/stub.c:13: Warning: Parameter 's_h' is never used
  src/stub.c:13: Warning: Parameter 'd_x' is never used
  src/stub.c:13: Warning: Parameter 'd_y' is never used
  src/stub.c:13: Warning: Parameter 'd_w' is never used
  src/stub.c:13: Warning: Parameter 'd_h' is never used
  src/stub.c:17: Warning: Parameter 'bmp' is never used
  src/stub.c:31: Warning: Parameter 'source' is never used
  src/stub.c:31: Warning: Parameter 'dest' is never used
  src/stub.c:31: Warning: Parameter 'source_x' is never used
  src/stub.c:31: Warning: Parameter 'source_y' is never used
  src/stub.c:31: Warning: Parameter 'dest_x' is never used
  src/stub.c:31: Warning: Parameter 'dest_y' is never used
  src/stub.c:31: Warning: Parameter 'width' is never used
  src/stub.c:31: Warning: Parameter 'height' is never used
  src/stub.c:41: Warning: Control reaches end of non-void function [-Wreturn-type]
  src/stub.c:41: Warning: Parameter 'width' is never used
  src/stub.c:41: Warning: Parameter 'height' is never used
  src/stub.c:45: Warning: Parameter 'bitmap' is never used
  src/stub.c:50: Warning: Parameter 'menu' is never used
  src/stub.c:50: Warning: Parameter 'x' is never used
  src/stub.c:50: Warning: Parameter 'y' is never used
  src/stub.c:54: Warning: Parameter 'bitmap' is never used
  src/stub.c:58: Warning: Parameter 'bmp' is never used
  src/stub.c:58: Warning: Parameter 'x1' is never used
  src/stub.c:58: Warning: Parameter 'y1' is never used
  src/stub.c:58: Warning: Parameter 'x2' is never used
  src/stub.c:58: Warning: Parameter 'y2' is never used
  src/stub.c:58: Warning: Parameter 'color' is never used
  src/stub.c:63: Warning: Parameter 'inputLine' is never used
  src/stub.c:94: Warning: Parameter 'picFileNum' is never used
  src/stub.c:122: Warning: Parameter 'soundNum' is never used
  src/stub.c:130: Warning: Parameter 'data' is never used
  src/stub.c:130: Warning: Parameter 'pLen' is never used
  src/stub.c:130: Warning: Parameter 'okToClearScreen' is never used
  src/stub.c:134: Warning: Parameter 'picFileNum' is never used
  src/stub.c:138: Warning: Parameter 'soundNum' is never used
  src/stub.c:144: Warning: Parameter 'scn' is never used
  src/stub.c:144: Warning: Parameter 'data' is never used
  src/stub.c:144: Warning: Parameter 'x' is never used
  src/stub.c:144: Warning: Parameter 'y' is never used
  src/stub.c:144: Warning: Parameter 'foreColour' is never used
  src/stub.c:144: Warning: Parameter 'backColour' is never used
  src/stub.c:149: Warning: Parameter 'scn' is never used
  src/stub.c:149: Warning: Parameter 'charNum' is never used
  src/stub.c:149: Warning: Parameter 'x' is never used
  src/stub.c:149: Warning: Parameter 'y' is never used
  src/stub.c:149: Warning: Parameter 'foreColour' is never used
  src/stub.c:149: Warning: Parameter 'backColour' is never used
  src/stub.c:154: Warning: Parameter 'scn' is never used
  src/stub.c:154: Warning: Parameter 'data' is never used
  src/stub.c:154: Warning: Parameter 'x' is never used
  src/stub.c:154: Warning: Parameter 'y' is never used
  src/stub.c:154: Warning: Parameter 'foreColour' is never used
  src/stub.c:154: Warning: Parameter 'backColour' is never used
  src/stub.c:164: Warning: Parameter 'bmp' is never used
  src/stub.c:164: Warning: Parameter 'x1' is never used
  src/stub.c:164: Warning: Parameter 'y1' is never used
  src/stub.c:164: Warning: Parameter 'x2' is never used
  src/stub.c:164: Warning: Parameter 'y2' is never used
  src/stub.c:164: Warning: Parameter 'color' is never used
  src/stub.c:169: Warning: Parameter 'bmp' is never used
  src/stub.c:169: Warning: Parameter 'sprite' is never used
  src/stub.c:169: Warning: Parameter 'x' is never used
  src/stub.c:169: Warning: Parameter 'y' is never used
  src/stub.c:169: Warning: Parameter 'w' is never used
  src/stub.c:169: Warning: Parameter 'h' is never used
  src/stub.c:189: Warning: Parameter 'promptStr' is never used
  src/stub.c:189: Warning: Parameter 'returnStr' is never used
  src/stub.c:189: Warning: Parameter 'x' is never used
  src/stub.c:189: Warning: Parameter 'y' is never used
  src/stub.c:189: Warning: Parameter 'l' is never used
  src/stub.c:231: Warning: Parameter 'theString' is never used
  src/stub.c:235: Warning: Parameter 'theString' is never used
  src/stub.c:235: Warning: Parameter 'x' is never used
  src/stub.c:235: Warning: Parameter 'y' is never used
  src/stub.c:235: Warning: Parameter 'lineLen' is never used
  src/stub.c:239: Warning: Parameter 'theString' is never used
  cl65 -t cx16 -c --create-dep obj/cx16/timer.d  -o obj/cx16/timer.o src/timer.c
  cl65 -t cx16 -c --create-dep obj/cx16/view.d  -o obj/cx16/view.o src/view.c
  src/view.c:72: Warning: Parameter 'bmp' is never used
  src/view.c:72: Warning: Parameter 'f' is never used
  src/view.c:72: Warning: Parameter 'str' is never used
  src/view.c:72: Warning: Parameter 'x' is never used
  src/view.c:72: Warning: Parameter 'y' is never used
  src/view.c:72: Warning: Parameter 'color' is never used
  src/view.c:99: Warning: Parameter 'localViewtab' is never used
  src/view.c:182: Warning: Incompatible pointer conversion to 'struct $anon-struct-001C *' from 'struct $anon-struct-001C ** const'
  src/view.c:281: Error: ';' expected
  src/view.c:298: Warning: Pointer conversion to 'char *' from 'const char *' discards qualifiers
  src/view.c:311: Warning: Pointer conversion to 'char *' from 'unsigned char * const' changes pointee signedness
  src/view.c:389: Warning: Variable 'loopStart' is defined but never used
  src/view.c:389: Warning: Variable 'celStart' is defined but never used
  src/view.c:389: Warning: Variable 'cWidth' is defined but never used
  src/view.c:389: Warning: Variable 'c' is defined but never used
  src/view.c:389: Warning: Variable 'x' is defined but never used
  src/view.c:389: Warning: Variable 'y' is defined but never used
  src/view.c:389: Warning: Variable 'chunk' is defined but never used
  src/view.c:389: Warning: Variable 'xTotal' is defined but never used
  src/view.c:389: Warning: Variable 'colour' is defined but never used
  src/view.c:389: Warning: Variable 'len' is defined but never used
  src/view.c:389: Warning: Variable 'loopIndex' is defined but never used
  src/view.c:389: Warning: Variable 'trans' is defined but never used
  src/view.c:389: Warning: Variable 'i' is defined but never used
  src/view.c:389: Warning: Variable 'cellPositionBytes' is defined but never used
  src/view.c:389: Warning: Variable 'cellPosition' is defined but never used
  src/view.c:719: Warning: Parameter 'localViewtab' is never used
  src/view.c:719: Warning: Parameter 'fx' is never used
  src/view.c:719: Warning: Parameter 'fy' is never used
  src/view.c:874: Warning: Incompatible pointer conversion to 'void (*)(struct $anon-struct-001C *, int)' from 'void (* const)(struct $anon-struct-001C *, unsigned char)'
  src/view.c:883: Warning: Incompatible pointer conversion to 'void (*)(struct $anon-struct-001C *, int)' from 'void (* const)(struct $anon-struct-001C *, unsigned char)'
  src/view.c:892: Warning: Incompatible pointer conversion to 'void (*)(struct $anon-struct-001C *, int)' from 'void (* const)(struct $anon-struct-001C *, unsigned char)'
  src/view.c:898: Warning: Incompatible pointer conversion to 'void (*)(struct $anon-struct-001C *, int)' from 'void (* const)(struct $anon-struct-001C *, unsigned char)'
  src/view.c:1050: Warning: Incompatible pointer conversion to 'void (*)(struct $anon-struct-001C *, int)' from 'void (* const)(struct $anon-struct-001C *, unsigned char)'
  src/view.c:1059: Warning: Incompatible pointer conversion to 'void (*)(struct $anon-struct-001C *, int)' from 'void (* const)(struct $anon-struct-001C *, unsigned char)'
  src/view.c:1068: Warning: Incompatible pointer conversion to 'void (*)(struct $anon-struct-001C *, int)' from 'void (* const)(struct $anon-struct-001C *, unsigned char)'
  src/view.c:1074: Warning: Incompatible pointer conversion to 'void (*)(struct $anon-struct-001C *, int)' from 'void (* const)(struct $anon-struct-001C *, unsigned char)'
  src/view.c:1250: Warning: Incompatible pointer conversion to 'void (*)(struct $anon-struct-001C *, int)' from 'void (* const)(struct $anon-struct-001C *, unsigned char)'
  src/view.c:1259: Warning: Incompatible pointer conversion to 'void (*)(struct $anon-struct-001C *, int)' from 'void (* const)(struct $anon-struct-001C *, unsigned char)'
  src/view.c:1268: Warning: Incompatible pointer conversion to 'void (*)(struct $anon-struct-001C *, int)' from 'void (* const)(struct $anon-struct-001C *, unsigned char)'
  src/view.c:1274: Warning: Incompatible pointer conversion to 'void (*)(struct $anon-struct-001C *, int)' from 'void (* const)(struct $anon-struct-001C *, unsigned char)'
  src/view.c:1328: Warning: Variable 'oldX' is defined but never used
  1 errors and 50 warnings generated.
  src/view.c:1328: Warning: Variable 'oldY' is defined but never used
  src/view.c:1385: Warning: Incompatible pointer conversion to 'void (*)(struct $anon-struct-001C *, int)' from 'void (* const)(struct $anon-struct-001C *, unsigned char)'
  src/view.c:1394: Warning: Incompatible pointer conversion to 'void (*)(struct $anon-struct-001C *, int)' from 'void (* const)(struct $anon-struct-001C *, unsigned char)'
  src/view.c:1403: Warning: Incompatible pointer conversion to 'void (*)(struct $anon-struct-001C *, int)' from 'void (* const)(struct $anon-struct-001C *, unsigned char)'
  src/view.c:1409: Warning: Incompatible pointer conversion to 'void (*)(struct $anon-struct-001C *, int)' from 'void (* const)(struct $anon-struct-001C *, unsigned char)'
  src/view.c:1525: Warning: Variable 'oldX' is defined but never used
  src/view.c:1525: Warning: Variable 'oldY' is defined but never used
  src/view.c:1594: Warning: Incompatible pointer conversion to 'void (*)(int, int, int)' from 'void (* const)(struct $anon-struct-001C *, int, int)'
  src/view.c:1619: Warning: Variable 'celNum' is defined but never used
  make: *** [makefile:294: obj/cx16/view.o] Error 1
  make: Leaving directory 'C:/meka/CommanderX16Repo'
  C:\meka\CommanderX16Repo\Debug\CommanderX16.log - The process cannot access the file because it is being used by another process.
C:\Program Files\Microsoft Visual Studio\2022\Enterprise\MSBuild\Microsoft\VC\v170\Microsoft.MakeFile.Targets(45,5): error MSB3073: The command "make -C "C:\meka\CommanderX16Repo\\" PROGRAM="C:\meka\CommanderX16Repo\Debug\CommanderX16" OPTIONS=debugfile,labelfile
C:\Program Files\Microsoft Visual Studio\2022\Enterprise\MSBuild\Microsoft\VC\v170\Microsoft.MakeFile.Targets(45,5): error MSB3073: rmdir /S /Q "C:\meka\CommanderX16Repo\obj"
C:\Program Files\Microsoft Visual Studio\2022\Enterprise\MSBuild\Microsoft\VC\v170\Microsoft.MakeFile.Targets(45,5): error MSB3073: rmdir /S /Q "C:\meka\CommanderX16Repo\Debug"" exited with code 2.
